Logger started at: Saturday, May 23, 2015 9:22:48 PM EDT
Component: com.appcelerator.titanium.ios.core
Version: 1.0.0.1411756658
[22:48.328] Sent: >21*1432430568327*version<
[22:48.329] Recv: >1432430568327*2*3.6.0<
[22:48.329] Sent: >45*1432430568328*option*stepFiltersEnabled*false<
[22:48.330] Recv: >1432430568328<
[22:48.330] Sent: >36*1432430568329*option*monitorXHR*true<
[22:48.332] Recv: >1432430568329<
[22:48.333] Sent: >45*1432430568330*option*suspendOnFirstLine*false<
[22:48.333] Recv: >1432430568330<
[22:48.333] Sent: >46*1432430568331*option*suspendOnExceptions*false<
[22:48.334] Recv: >1432430568331<
[22:48.334] Sent: >41*1432430568332*option*suspendOnErrors*true<
[22:48.334] Recv: >1432430568332<
[22:48.334] Sent: >43*1432430568333*option*suspendOnKeywords*true<
[22:48.335] Recv: >1432430568333<
[22:48.335] Sent: >45*1432430568334*option*bypassConstructors*false<
[22:48.335] Recv: >1432430568334<
[22:48.335] Sent: >45*1432430568335*option*stepFiltersEnabled*false<
[22:48.335] Recv: >1432430568335<
[22:48.336] Sent: >30*1432430568336*detailFormatters<
[22:48.336] Recv: >1432430568336<
[22:48.336] Sent: >20*1432430568337*enable<
[22:48.338] Recv: >1432430568337<
[22:48.346] Recv: >threads*created*0*kroll$1<
[22:48.352] Recv: >log*out*[DEBUG] Loading: /Users/sequestermckinney/Library/Developer/CoreSimulator/Devices/4B10E8EC-AE6D-4A5F-939F-FC6587BD4795/data/Containers/Bundle/Application/1A727B48-110A-49B3-88CF-EB01A3CBC533/McKinney_Sequester_Project3.app/app.js, Resource: app_js<
[22:48.353] Recv: >scripts*created*1|app:/app.js||1|41<
[22:48.353] Recv: >resumed*0*started<
[22:48.355] Recv: >log*out*[DEBUG] Loading: /Users/sequestermckinney/Library/Developer/CoreSimulator/Devices/4B10E8EC-AE6D-4A5F-939F-FC6587BD4795/data/Containers/Bundle/Application/1A727B48-110A-49B3-88CF-EB01A3CBC533/McKinney_Sequester_Project3.app/_app_props_.json, Resource: _app_props__json<
[22:48.448] Recv: >log*out*[DEBUG] Loading: /Users/sequestermckinney/Library/Developer/CoreSimulator/Devices/4B10E8EC-AE6D-4A5F-939F-FC6587BD4795/data/Containers/Bundle/Application/1A727B48-110A-49B3-88CF-EB01A3CBC533/McKinney_Sequester_Project3.app/gallery.js, Resource: gallery_js<
[22:48.449] Recv: >scripts*created*2|app:/gallery.js||1|61<
[22:48.562] Recv: >log*out*[DEBUG] Application booted in 316.492021 ms<
----------End of file----------
